<?xml version="1.0" encoding="UTF-8"?>
<!-- Generated by org.testng.reporters.JUnitReportReporter -->
<testsuite hostname="WL-MS-743" failures="0" tests="1" name="com.project1.restapi.TC19_CreateUserPOSTapiHashMapInteroperabilityTesting" time="2.858" errors="0" timestamp="2025-03-07T20:49:52 IST" skipped="0">
  <testcase classname="com.project1.restapi.TC19_CreateUserPOSTapiHashMapInteroperabilityTesting" name="createUserPOSTapiJavaFakerLibrary" time="2.858"/>
</testsuite> <!-- com.project1.restapi.TC19_CreateUserPOSTapiHashMapInteroperabilityTesting -->
