<?xml version="1.0" encoding="UTF-8"?>
<!-- Generated by org.testng.reporters.JUnitReportReporter -->
<testsuite hostname="WL-MS-743" failures="0" tests="1" name="com.project1.restapi.TC13_CreateUserPOSTapiHashMapAssertFunctions" time="2.159" errors="0" timestamp="2025-03-06T20:53:29 IST" skipped="0">
  <testcase classname="com.project1.restapi.TC13_CreateUserPOSTapiHashMapAssertFunctions" name="createUserPOSTapiHashMapAssertFunctions" time="2.159"/>
</testsuite> <!-- com.project1.restapi.TC13_CreateUserPOSTapiHashMapAssertFunctions -->
