<?xml version="1.0" encoding="UTF-8"?>
<!-- Generated by org.testng.reporters.JUnitReportReporter -->
<testsuite hostname="WL-MS-743" failures="0" tests="1" name="com.project1.restapi.TC01_ListUsersGETapi" time="2.950" errors="0" timestamp="2025-03-17T20:04:42 IST" skipped="0">
  <testcase classname="com.project1.restapi.TC01_ListUsersGETapi" name="listUsersGETapi" time="2.950"/>
</testsuite> <!-- com.project1.restapi.TC01_ListUsersGETapi -->
