<?xml version="1.0" encoding="UTF-8"?>
<!-- Generated by org.testng.reporters.JUnitReportReporter -->
<testsuite hostname="WL-MS-743" failures="0" tests="1" name="com.project1.restapi.TC05_UpdateUserPATCHapiHashMap" time="2.886" errors="0" timestamp="2025-03-04T20:42:14 IST" skipped="0">
  <testcase classname="com.project1.restapi.TC05_UpdateUserPATCHapiHashMap" name="updateUserPATCHapiHashMap" time="2.886"/>
</testsuite> <!-- com.project1.restapi.TC05_UpdateUserPATCHapiHashMap -->
