<?xml version="1.0" encoding="UTF-8"?>
<!-- Generated by org.testng.reporters.JUnitReportReporter -->
<testsuite hostname="WL-MS-743" failures="0" tests="1" name="com.project1.restapi.TC39_DOWNLOAD_LIST_USERS_GET_API_RESPONSE" time="1.669" errors="0" timestamp="2025-03-17T20:24:28 IST" skipped="0">
  <testcase classname="com.project1.restapi.TC39_DOWNLOAD_LIST_USERS_GET_API_RESPONSE" name="downloadGetAPIresponse" time="1.669"/>
</testsuite> <!-- com.project1.restapi.TC39_DOWNLOAD_LIST_USERS_GET_API_RESPONSE -->
