<?xml version="1.0" encoding="UTF-8"?>
<!-- Generated by org.testng.reporters.JUnitReportReporter -->
<testsuite hostname="WL-MS-743" failures="0" tests="4" name="com.project1.restapi.TC29_DDT_UPDATE_USER_PATCH_API_FAKER_LIBRARY_DATA_PROVIDER_APPROACH2" time="5.411" errors="0" timestamp="2025-03-12T20:16:44 IST" skipped="0">
  <testcase classname="com.project1.restapi.TC29_DDT_UPDATE_USER_PATCH_API_FAKER_LIBRARY_DATA_PROVIDER_APPROACH2" name="updateUserPATCHapiDDT" time="2.451"/>
  <testcase classname="com.project1.restapi.TC29_DDT_UPDATE_USER_PATCH_API_FAKER_LIBRARY_DATA_PROVIDER_APPROACH2" name="updateUserPATCHapiDDT" time="1.139"/>
  <testcase classname="com.project1.restapi.TC29_DDT_UPDATE_USER_PATCH_API_FAKER_LIBRARY_DATA_PROVIDER_APPROACH2" name="updateUserPATCHapiDDT" time="0.760"/>
  <testcase classname="com.project1.restapi.TC29_DDT_UPDATE_USER_PATCH_API_FAKER_LIBRARY_DATA_PROVIDER_APPROACH2" name="updateUserPATCHapiDDT" time="1.061"/>
</testsuite> <!-- com.project1.restapi.TC29_DDT_UPDATE_USER_PATCH_API_FAKER_LIBRARY_DATA_PROVIDER_APPROACH2 -->
