<?xml version="1.0" encoding="UTF-8"?>
<!-- Generated by org.testng.reporters.JUnitReportReporter -->
<testsuite hostname="WL-MS-743" failures="0" tests="4" name="com.project1.restapi.TC24_DDT_CREATE_USER_POST_API_FAKER_LIBRARY_DATA_PROVIDER" time="4.070" errors="0" timestamp="2025-03-11T20:45:54 IST" skipped="0">
  <testcase classname="com.project1.restapi.TC24_DDT_CREATE_USER_POST_API_FAKER_LIBRARY_DATA_PROVIDER" name="createUserPOSTapiDDT" time="2.463"/>
  <testcase classname="com.project1.restapi.TC24_DDT_CREATE_USER_POST_API_FAKER_LIBRARY_DATA_PROVIDER" name="createUserPOSTapiDDT" time="0.540"/>
  <testcase classname="com.project1.restapi.TC24_DDT_CREATE_USER_POST_API_FAKER_LIBRARY_DATA_PROVIDER" name="createUserPOSTapiDDT" time="0.540"/>
  <testcase classname="com.project1.restapi.TC24_DDT_CREATE_USER_POST_API_FAKER_LIBRARY_DATA_PROVIDER" name="createUserPOSTapiDDT" time="0.527"/>
</testsuite> <!-- com.project1.restapi.TC24_DDT_CREATE_USER_POST_API_FAKER_LIBRARY_DATA_PROVIDER -->
