<?xml version="1.0" encoding="UTF-8"?>
<!-- Generated by org.testng.reporters.JUnitReportReporter -->
<testsuite hostname="WL-MS-743" failures="0" tests="3" name="com.project1.restapi.TC12_apiChainingAutomation" time="5.188" errors="0" timestamp="2025-03-06T20:28:19 IST" skipped="0">
  <testcase classname="com.project1.restapi.TC12_apiChainingAutomation" name="createUserPOSTapiJavaFakerLibrary" time="2.798"/>
  <testcase classname="com.project1.restapi.TC12_apiChainingAutomation" name="updateUserPATCHapiHashMap" time="1.268"/>
  <testcase classname="com.project1.restapi.TC12_apiChainingAutomation" name="deleteUserAPI" time="1.122"/>
</testsuite> <!-- com.project1.restapi.TC12_apiChainingAutomation -->
