<?xml version="1.0" encoding="UTF-8"?>
<!-- Generated by org.testng.reporters.JUnitReportReporter -->
<testsuite hostname="WL-MS-743" failures="0" tests="4" name="com.project1.restapi.TC28_DDT_CREATE_USER_POST_API_FAKER_LIBRARY_DATA_PROVIDER_APPROACH2" time="6.228" errors="0" timestamp="2025-03-12T20:12:44 IST" skipped="0">
  <testcase classname="com.project1.restapi.TC28_DDT_CREATE_USER_POST_API_FAKER_LIBRARY_DATA_PROVIDER_APPROACH2" name="createUserPOSTapiDDT" time="3.049"/>
  <testcase classname="com.project1.restapi.TC28_DDT_CREATE_USER_POST_API_FAKER_LIBRARY_DATA_PROVIDER_APPROACH2" name="createUserPOSTapiDDT" time="1.032"/>
  <testcase classname="com.project1.restapi.TC28_DDT_CREATE_USER_POST_API_FAKER_LIBRARY_DATA_PROVIDER_APPROACH2" name="createUserPOSTapiDDT" time="1.050"/>
  <testcase classname="com.project1.restapi.TC28_DDT_CREATE_USER_POST_API_FAKER_LIBRARY_DATA_PROVIDER_APPROACH2" name="createUserPOSTapiDDT" time="1.097"/>
</testsuite> <!-- com.project1.restapi.TC28_DDT_CREATE_USER_POST_API_FAKER_LIBRARY_DATA_PROVIDER_APPROACH2 -->
