<?xml version="1.0" encoding="UTF-8"?>
<!-- Generated by org.testng.reporters.JUnitReportReporter -->
<testsuite hostname="WL-MS-743" failures="0" tests="4" name="com.project1.restapi.TC34_DDT_DELETE_USER_API_DATA_PROVIDER_APPROACH3" time="5.530" errors="0" timestamp="2025-03-12T20:46:31 IST" skipped="0">
  <testcase classname="com.project1.restapi.TC34_DDT_DELETE_USER_API_DATA_PROVIDER_APPROACH3" name="deleteUserAPI" time="1.111"/>
  <testcase classname="com.project1.restapi.TC34_DDT_DELETE_USER_API_DATA_PROVIDER_APPROACH3" name="deleteUserAPI" time="1.164"/>
  <testcase classname="com.project1.restapi.TC34_DDT_DELETE_USER_API_DATA_PROVIDER_APPROACH3" name="deleteUserAPI" time="2.181"/>
  <testcase classname="com.project1.restapi.TC34_DDT_DELETE_USER_API_DATA_PROVIDER_APPROACH3" name="deleteUserAPI" time="1.074"/>
</testsuite> <!-- com.project1.restapi.TC34_DDT_DELETE_USER_API_DATA_PROVIDER_APPROACH3 -->
