<?xml version="1.0" encoding="UTF-8"?>
<!-- Generated by org.testng.reporters.JUnitReportReporter -->
<testsuite hostname="WL-MS-743" failures="0" tests="1" name="com.project1.restapi.TC36_READ_WRITE_XLSX_UTILS" time="0.391" errors="0" timestamp="2025-03-13T21:03:33 IST" skipped="0">
  <testcase classname="com.project1.restapi.TC36_READ_WRITE_XLSX_UTILS" name="setCellData" time="0.391"/>
</testsuite> <!-- com.project1.restapi.TC36_READ_WRITE_XLSX_UTILS -->
