<?xml version="1.0" encoding="UTF-8"?>
<!-- Generated by org.testng.reporters.JUnitReportReporter -->
<testsuite hostname="WL-MS-743" failures="0" tests="1" name="com.project1.restapi.TC41_BASIC_AUTH_API" time="4.017" errors="0" timestamp="2025-03-17T20:59:00 IST" skipped="0">
  <testcase classname="com.project1.restapi.TC41_BASIC_AUTH_API" name="basicAuthAPI" time="4.017"/>
</testsuite> <!-- com.project1.restapi.TC41_BASIC_AUTH_API -->
