<?xml version="1.0" encoding="UTF-8"?>
<!-- Generated by org.testng.reporters.JUnitReportReporter -->
<testsuite hostname="WL-MS-743" failures="0" tests="1" name="com.project1.restapi.TC35_CREATE_USER_POST_API_TESTNG_XML_APPROACH4" time="2.225" errors="0" timestamp="2025-03-13T20:19:59 IST" skipped="0">
  <testcase classname="com.project1.restapi.TC35_CREATE_USER_POST_API_TESTNG_XML_APPROACH4" name="createUserPOSTapiJsonObject" time="2.225"/>
</testsuite> <!-- com.project1.restapi.TC35_CREATE_USER_POST_API_TESTNG_XML_APPROACH4 -->
