<?xml version="1.0" encoding="UTF-8"?>
<!-- Generated by org.testng.reporters.JUnitReportReporter -->
<testsuite hostname="WL-MS-743" failures="0" tests="4" name="com.project1.restapi.TC27_DDT_CREATE_USER_POST_API_DATA_PROVIDER_APPROACH2" time="5.412" errors="0" timestamp="2025-03-12T20:09:26 IST" skipped="0">
  <testcase classname="com.project1.restapi.TC27_DDT_CREATE_USER_POST_API_DATA_PROVIDER_APPROACH2" name="createUserPOSTapiDDT" time="2.812"/>
  <testcase classname="com.project1.restapi.TC27_DDT_CREATE_USER_POST_API_DATA_PROVIDER_APPROACH2" name="createUserPOSTapiDDT" time="1.024"/>
  <testcase classname="com.project1.restapi.TC27_DDT_CREATE_USER_POST_API_DATA_PROVIDER_APPROACH2" name="createUserPOSTapiDDT" time="0.533"/>
  <testcase classname="com.project1.restapi.TC27_DDT_CREATE_USER_POST_API_DATA_PROVIDER_APPROACH2" name="createUserPOSTapiDDT" time="1.043"/>
</testsuite> <!-- com.project1.restapi.TC27_DDT_CREATE_USER_POST_API_DATA_PROVIDER_APPROACH2 -->
