<?xml version="1.0" encoding="UTF-8"?>
<!-- Generated by org.testng.reporters.JUnitReportReporter -->
<testsuite hostname="WL-MS-743" failures="0" tests="1" name="com.project1.restapi.TC07_UpdateUserPATCHapiExternalJSONFile" time="2.759" errors="0" timestamp="2025-03-04T20:59:58 IST" skipped="0">
  <testcase classname="com.project1.restapi.TC07_UpdateUserPATCHapiExternalJSONFile" name="updateUserPATCHapiExternalJSONFile" time="2.759"/>
</testsuite> <!-- com.project1.restapi.TC07_UpdateUserPATCHapiExternalJSONFile -->
