<?xml version="1.0" encoding="UTF-8"?>
<!-- Generated by org.testng.reporters.JUnitReportReporter -->
<testsuite hostname="WL-MS-743" failures="0" tests="4" name="com.project1.restapi.TC30_DDT_DELETE_USER_API_DATA_PROVIDER_APPROACH2" time="4.728" errors="0" timestamp="2025-03-12T20:19:50 IST" skipped="0">
  <testcase classname="com.project1.restapi.TC30_DDT_DELETE_USER_API_DATA_PROVIDER_APPROACH2" name="deleteUserAPI" time="1.028"/>
  <testcase classname="com.project1.restapi.TC30_DDT_DELETE_USER_API_DATA_PROVIDER_APPROACH2" name="deleteUserAPI" time="1.101"/>
  <testcase classname="com.project1.restapi.TC30_DDT_DELETE_USER_API_DATA_PROVIDER_APPROACH2" name="deleteUserAPI" time="0.738"/>
  <testcase classname="com.project1.restapi.TC30_DDT_DELETE_USER_API_DATA_PROVIDER_APPROACH2" name="deleteUserAPI" time="1.861"/>
</testsuite> <!-- com.project1.restapi.TC30_DDT_DELETE_USER_API_DATA_PROVIDER_APPROACH2 -->
