<?xml version="1.0" encoding="UTF-8"?>
<!-- Generated by org.testng.reporters.JUnitReportReporter -->
<testsuite hostname="WL-MS-743" failures="0" tests="1" name="com.project1.restapi.TC40_FILE_UPLOAD_API" time="2.828" errors="0" timestamp="2025-03-17T20:40:34 IST" skipped="0">
  <testcase classname="com.project1.restapi.TC40_FILE_UPLOAD_API" name="fileUploadAPI" time="2.828"/>
</testsuite> <!-- com.project1.restapi.TC40_FILE_UPLOAD_API -->
