<?xml version="1.0" encoding="UTF-8"?>
<!-- Generated by org.testng.reporters.JUnitReportReporter -->
<testsuite hostname="WL-MS-743" failures="0" tests="1" name="com.project1.restapi.TC46_API_KEY_AUTH" time="1.259" errors="0" timestamp="2025-03-18T20:53:14 IST" skipped="0">
  <testcase classname="com.project1.restapi.TC46_API_KEY_AUTH" name="apiKeyAuth" time="1.259"/>
</testsuite> <!-- com.project1.restapi.TC46_API_KEY_AUTH -->
