<?xml version="1.0" encoding="UTF-8"?>
<!-- Generated by org.testng.reporters.JUnitReportReporter -->
<testsuite hostname="WL-MS-743" failures="0" tests="1" name="com.project1.restapi.TC09_IntroToJavaFakerLibrary" time="0.194" errors="0" timestamp="2025-03-05T20:29:40 IST" skipped="0">
  <testcase classname="com.project1.restapi.TC09_IntroToJavaFakerLibrary" name="fakerLibrary" time="0.194"/>
</testsuite> <!-- com.project1.restapi.TC09_IntroToJavaFakerLibrary -->
