<?xml version="1.0" encoding="UTF-8"?>
<!-- Generated by org.testng.reporters.JUnitReportReporter -->
<testsuite hostname="WL-MS-743" failures="0" tests="6" name="com.project1.restapi.TC22_E2E_API_Automation_Test" time="8.150" errors="0" timestamp="2025-03-10T20:41:50 IST" skipped="0">
  <testcase classname="com.project1.restapi.TC22_E2E_API_Automation_Test" name="createUserAPI" time="2.304"/>
  <testcase classname="com.project1.restapi.TC22_E2E_API_Automation_Test" name="verifyIfUserIsCreated" time="1.302"/>
  <testcase classname="com.project1.restapi.TC22_E2E_API_Automation_Test" name="updateUserAPI" time="1.129"/>
  <testcase classname="com.project1.restapi.TC22_E2E_API_Automation_Test" name="verifyIfUserIsUpdated" time="1.048"/>
  <testcase classname="com.project1.restapi.TC22_E2E_API_Automation_Test" name="deleteUserAPI" time="1.959"/>
  <testcase classname="com.project1.restapi.TC22_E2E_API_Automation_Test" name="verifyIfUserIsDeleted" time="0.408"/>
</testsuite> <!-- com.project1.restapi.TC22_E2E_API_Automation_Test -->
