<?xml version="1.0" encoding="UTF-8"?>
<!-- Generated by org.testng.reporters.JUnitReportReporter -->
<testsuite hostname="WL-MS-743" failures="0" tests="8" name="com.project1.restapi.TC38_CREATE_USER_POST_API_DDT_XLSX" time="9.985" errors="0" timestamp="2025-03-14T20:46:42 IST" skipped="0">
  <testcase classname="com.project1.restapi.TC38_CREATE_USER_POST_API_DDT_XLSX" name="createUserPOSTapiDDT" time="1.022"/>
  <testcase classname="com.project1.restapi.TC38_CREATE_USER_POST_API_DDT_XLSX" name="createUserPOSTapiDDT" time="1.047"/>
  <testcase classname="com.project1.restapi.TC38_CREATE_USER_POST_API_DDT_XLSX" name="createUserPOSTapiDDT" time="1.045"/>
  <testcase classname="com.project1.restapi.TC38_CREATE_USER_POST_API_DDT_XLSX" name="createUserPOSTapiDDT" time="2.637"/>
  <testcase classname="com.project1.restapi.TC38_CREATE_USER_POST_API_DDT_XLSX" name="createUserPOSTapiDDT" time="1.043"/>
  <testcase classname="com.project1.restapi.TC38_CREATE_USER_POST_API_DDT_XLSX" name="createUserPOSTapiDDT" time="1.041"/>
  <testcase classname="com.project1.restapi.TC38_CREATE_USER_POST_API_DDT_XLSX" name="createUserPOSTapiDDT" time="1.119"/>
  <testcase classname="com.project1.restapi.TC38_CREATE_USER_POST_API_DDT_XLSX" name="createUserPOSTapiDDT" time="1.031"/>
</testsuite> <!-- com.project1.restapi.TC38_CREATE_USER_POST_API_DDT_XLSX -->
