<?xml version="1.0" encoding="UTF-8"?>
<!-- Generated by org.testng.reporters.JUnitReportReporter -->
<testsuite hostname="WL-MS-743" failures="0" tests="1" name="com.project1.restapi.TC15_UpdateUserPATCHapiHashMapJsonSchemaValidation" time="2.954" errors="0" timestamp="2025-03-07T20:26:32 IST" skipped="0">
  <testcase classname="com.project1.restapi.TC15_UpdateUserPATCHapiHashMapJsonSchemaValidation" name="updateUserPATCHapiHashMap" time="2.954"/>
</testsuite> <!-- com.project1.restapi.TC15_UpdateUserPATCHapiHashMapJsonSchemaValidation -->
