<?xml version="1.0" encoding="UTF-8"?>
<!-- Generated by org.testng.reporters.JUnitReportReporter -->
<testsuite hostname="WL-MS-743" failures="0" tests="4" name="com.project1.restapi.TC33_DDT_UPDATE_USER_PATCH_API_FAKER_LIBRARY_DATA_PROVIDER_APPROACH3" time="5.902" errors="0" timestamp="2025-03-12T20:44:54 IST" skipped="0">
  <testcase classname="com.project1.restapi.TC33_DDT_UPDATE_USER_PATCH_API_FAKER_LIBRARY_DATA_PROVIDER_APPROACH3" name="updateUserPATCHapiDDT" time="1.056"/>
  <testcase classname="com.project1.restapi.TC33_DDT_UPDATE_USER_PATCH_API_FAKER_LIBRARY_DATA_PROVIDER_APPROACH3" name="updateUserPATCHapiDDT" time="2.630"/>
  <testcase classname="com.project1.restapi.TC33_DDT_UPDATE_USER_PATCH_API_FAKER_LIBRARY_DATA_PROVIDER_APPROACH3" name="updateUserPATCHapiDDT" time="1.158"/>
  <testcase classname="com.project1.restapi.TC33_DDT_UPDATE_USER_PATCH_API_FAKER_LIBRARY_DATA_PROVIDER_APPROACH3" name="updateUserPATCHapiDDT" time="1.058"/>
</testsuite> <!-- com.project1.restapi.TC33_DDT_UPDATE_USER_PATCH_API_FAKER_LIBRARY_DATA_PROVIDER_APPROACH3 -->
