<?xml version="1.0" encoding="UTF-8"?>
<!-- Generated by org.testng.reporters.JUnitReportReporter -->
<testsuite hostname="WL-MS-743" failures="0" tests="4" name="com.project1.restapi.TC32_DDT_CREATE_USER_POST_API_FAKER_LIBRARY_DATA_PROVIDER_APPROACH3" time="5.868" errors="0" timestamp="2025-03-12T20:43:10 IST" skipped="0">
  <testcase classname="com.project1.restapi.TC32_DDT_CREATE_USER_POST_API_FAKER_LIBRARY_DATA_PROVIDER_APPROACH3" name="createUserPOSTapiDDT" time="1.048"/>
  <testcase classname="com.project1.restapi.TC32_DDT_CREATE_USER_POST_API_FAKER_LIBRARY_DATA_PROVIDER_APPROACH3" name="createUserPOSTapiDDT" time="1.121"/>
  <testcase classname="com.project1.restapi.TC32_DDT_CREATE_USER_POST_API_FAKER_LIBRARY_DATA_PROVIDER_APPROACH3" name="createUserPOSTapiDDT" time="2.592"/>
  <testcase classname="com.project1.restapi.TC32_DDT_CREATE_USER_POST_API_FAKER_LIBRARY_DATA_PROVIDER_APPROACH3" name="createUserPOSTapiDDT" time="1.107"/>
</testsuite> <!-- com.project1.restapi.TC32_DDT_CREATE_USER_POST_API_FAKER_LIBRARY_DATA_PROVIDER_APPROACH3 -->
