<?xml version="1.0" encoding="UTF-8"?>
<!-- Generated by org.testng.reporters.JUnitReportReporter -->
<testsuite hostname="WL-MS-743" failures="0" tests="4" name="com.project1.restapi.TC48_SOAP_APIs" time="3.148" errors="0" timestamp="2025-03-21T20:45:37 IST" skipped="0">
  <testcase classname="com.project1.restapi.TC48_SOAP_APIs" name="addSOAPapi" time="1.523"/>
  <testcase classname="com.project1.restapi.TC48_SOAP_APIs" name="subtractSOAPapi" time="0.540"/>
  <testcase classname="com.project1.restapi.TC48_SOAP_APIs" name="multiplySOAPapi" time="0.523"/>
  <testcase classname="com.project1.restapi.TC48_SOAP_APIs" name="divideSOAPapi" time="0.562"/>
</testsuite> <!-- com.project1.restapi.TC48_SOAP_APIs -->
