<?xml version="1.0" encoding="UTF-8"?>
<!-- Generated by org.testng.reporters.JUnitReportReporter -->
<testsuite hostname="WL-MS-743" failures="0" tests="3" name="com.project1.restapi.TC17_apiChainingAutomationJsonSchemaValidation" time="5.502" errors="0" timestamp="2025-03-07T20:53:38 IST" skipped="0">
  <testcase classname="com.project1.restapi.TC17_apiChainingAutomationJsonSchemaValidation" name="createUserPOSTapiJavaFakerLibrary" time="3.344"/>
  <testcase classname="com.project1.restapi.TC17_apiChainingAutomationJsonSchemaValidation" name="updateUserPATCHapiHashMap" time="1.387"/>
  <testcase classname="com.project1.restapi.TC17_apiChainingAutomationJsonSchemaValidation" name="deleteUserAPI" time="0.771"/>
</testsuite> <!-- com.project1.restapi.TC17_apiChainingAutomationJsonSchemaValidation -->
