<?xml version="1.0" encoding="UTF-8"?>
<!-- Generated by org.testng.reporters.JUnitReportReporter -->
<testsuite hostname="WL-MS-743" failures="0" tests="1" name="com.project1.restapi.TC18_ListUsersGETapiInteroperabilityTesting" time="2.680" errors="0" timestamp="2025-03-07T20:48:36 IST" skipped="0">
  <testcase classname="com.project1.restapi.TC18_ListUsersGETapiInteroperabilityTesting" name="listUsersGETapi" time="2.680"/>
</testsuite> <!-- com.project1.restapi.TC18_ListUsersGETapiInteroperabilityTesting -->
