<?xml version="1.0" encoding="UTF-8"?>
<!-- Generated by org.testng.reporters.JUnitReportReporter -->
<testsuite hostname="WL-MS-743" failures="0" tests="1" name="com.project1.restapi.TC10_CreateUserPOSTapiHashMapJavaFakerLibrary" time="2.867" errors="0" timestamp="2025-03-10T20:51:32 IST" skipped="0">
  <testcase classname="com.project1.restapi.TC10_CreateUserPOSTapiHashMapJavaFakerLibrary" name="createUserPOSTapiJavaFakerLibrary" time="2.867"/>
</testsuite> <!-- com.project1.restapi.TC10_CreateUserPOSTapiHashMapJavaFakerLibrary -->
