<?xml version="1.0" encoding="UTF-8"?>
<!-- Generated by org.testng.reporters.JUnitReportReporter -->
<testsuite hostname="WL-MS-743" failures="0" tests="1" name="com.project1.restapi.TC02_CreateUserPOSTapi" time="2.271" errors="0" timestamp="2025-03-03T20:54:08 IST" skipped="0">
  <testcase classname="com.project1.restapi.TC02_CreateUserPOSTapi" name="createUserPOSTapi" time="2.271"/>
</testsuite> <!-- com.project1.restapi.TC02_CreateUserPOSTapi -->
