<?xml version="1.0" encoding="UTF-8"?>
<!-- Generated by org.testng.reporters.JUnitReportReporter -->
<testsuite hostname="WL-MS-743" failures="0" tests="6" name="com.project1.restapi.TC47_ALLURE_HTML_TEST_REPORTS_E2E_API_AUTOMATION" time="9.967" errors="0" timestamp="2025-03-20T20:46:59 IST" skipped="0">
  <testcase classname="com.project1.restapi.TC47_ALLURE_HTML_TEST_REPORTS_E2E_API_AUTOMATION" name="createUserAPI" time="2.715"/>
  <testcase classname="com.project1.restapi.TC47_ALLURE_HTML_TEST_REPORTS_E2E_API_AUTOMATION" name="verifyIfUserIsCreated" time="1.620"/>
  <testcase classname="com.project1.restapi.TC47_ALLURE_HTML_TEST_REPORTS_E2E_API_AUTOMATION" name="updateUserAPI" time="2.038"/>
  <testcase classname="com.project1.restapi.TC47_ALLURE_HTML_TEST_REPORTS_E2E_API_AUTOMATION" name="verifyIfUserIsUpdated" time="1.044"/>
  <testcase classname="com.project1.restapi.TC47_ALLURE_HTML_TEST_REPORTS_E2E_API_AUTOMATION" name="deleteUserAPI" time="1.458"/>
  <testcase classname="com.project1.restapi.TC47_ALLURE_HTML_TEST_REPORTS_E2E_API_AUTOMATION" name="verifyIfUserIsDeleted" time="1.092"/>
</testsuite> <!-- com.project1.restapi.TC47_ALLURE_HTML_TEST_REPORTS_E2E_API_AUTOMATION -->
