<?xml version="1.0" encoding="UTF-8"?>
<!-- Generated by org.testng.reporters.JUnitReportReporter -->
<testsuite hostname="WL-MS-743" failures="0" tests="1" name="com.project1.restapi.TC03_CreateUserPOSTapiJsonObject" time="2.388" errors="0" timestamp="2025-03-03T20:59:28 IST" skipped="0">
  <testcase classname="com.project1.restapi.TC03_CreateUserPOSTapiJsonObject" name="createUserPOSTapiJsonObject" time="2.388"/>
</testsuite> <!-- com.project1.restapi.TC03_CreateUserPOSTapiJsonObject -->
