<?xml version="1.0" encoding="UTF-8"?>
<!-- Generated by org.testng.reporters.JUnitReportReporter -->
<testsuite hostname="WL-MS-743" failures="0" tests="1" name="com.project1.restapi.TC21_DeleteUserAPIInteroperabilityTesting" time="2.285" errors="0" timestamp="2025-03-07T20:52:12 IST" skipped="0">
  <testcase classname="com.project1.restapi.TC21_DeleteUserAPIInteroperabilityTesting" name="deleteUserAPI" time="2.285"/>
</testsuite> <!-- com.project1.restapi.TC21_DeleteUserAPIInteroperabilityTesting -->
