<?xml version="1.0" encoding="UTF-8"?>
<!-- Generated by org.testng.reporters.JUnitReportReporter -->
<testsuite hostname="WL-MS-743" failures="0" tests="4" name="com.project1.restapi.TC25_DDT_UPDATE_USER_PATCH_API_FAKER_LIBRARY_DATA_PROVIDER" time="8.116" errors="0" timestamp="2025-03-11T20:53:23 IST" skipped="0">
  <testcase classname="com.project1.restapi.TC25_DDT_UPDATE_USER_PATCH_API_FAKER_LIBRARY_DATA_PROVIDER" name="updateUserPATCHapiDDT" time="1.385"/>
  <testcase classname="com.project1.restapi.TC25_DDT_UPDATE_USER_PATCH_API_FAKER_LIBRARY_DATA_PROVIDER" name="updateUserPATCHapiDDT" time="2.931"/>
  <testcase classname="com.project1.restapi.TC25_DDT_UPDATE_USER_PATCH_API_FAKER_LIBRARY_DATA_PROVIDER" name="updateUserPATCHapiDDT" time="2.609"/>
  <testcase classname="com.project1.restapi.TC25_DDT_UPDATE_USER_PATCH_API_FAKER_LIBRARY_DATA_PROVIDER" name="updateUserPATCHapiDDT" time="1.191"/>
</testsuite> <!-- com.project1.restapi.TC25_DDT_UPDATE_USER_PATCH_API_FAKER_LIBRARY_DATA_PROVIDER -->
