<?xml version="1.0" encoding="UTF-8"?>
<!-- Generated by org.testng.reporters.JUnitReportReporter -->
<testsuite hostname="WL-MS-743" failures="0" tests="4" name="com.project1.restapi.TC23_DDT_CREATE_USER_POST_API_DATA_PROVIDER" time="4.954" errors="0" timestamp="2025-03-11T20:40:49 IST" skipped="0">
  <testcase classname="com.project1.restapi.TC23_DDT_CREATE_USER_POST_API_DATA_PROVIDER" name="createUserPOSTapiDDT" time="0.746"/>
  <testcase classname="com.project1.restapi.TC23_DDT_CREATE_USER_POST_API_DATA_PROVIDER" name="createUserPOSTapiDDT" time="0.690"/>
  <testcase classname="com.project1.restapi.TC23_DDT_CREATE_USER_POST_API_DATA_PROVIDER" name="createUserPOSTapiDDT" time="2.557"/>
  <testcase classname="com.project1.restapi.TC23_DDT_CREATE_USER_POST_API_DATA_PROVIDER" name="createUserPOSTapiDDT" time="0.961"/>
</testsuite> <!-- com.project1.restapi.TC23_DDT_CREATE_USER_POST_API_DATA_PROVIDER -->
