<?xml version="1.0" encoding="UTF-8"?>
<!-- Generated by org.testng.reporters.JUnitReportReporter -->
<testsuite hostname="WL-MS-743" failures="0" tests="4" name="com.project1.restapi.TC26_DDT_DELETE_USER_API_DATA_PROVIDER" time="3.834" errors="0" timestamp="2025-03-11T21:00:02 IST" skipped="0">
  <testcase classname="com.project1.restapi.TC26_DDT_DELETE_USER_API_DATA_PROVIDER" name="deleteUserAPI" time="0.580"/>
  <testcase classname="com.project1.restapi.TC26_DDT_DELETE_USER_API_DATA_PROVIDER" name="deleteUserAPI" time="1.015"/>
  <testcase classname="com.project1.restapi.TC26_DDT_DELETE_USER_API_DATA_PROVIDER" name="deleteUserAPI" time="0.536"/>
  <testcase classname="com.project1.restapi.TC26_DDT_DELETE_USER_API_DATA_PROVIDER" name="deleteUserAPI" time="1.703"/>
</testsuite> <!-- com.project1.restapi.TC26_DDT_DELETE_USER_API_DATA_PROVIDER -->
